
            use news_management;
            DELIMITER $$
            DROP PROCEDURE IF EXISTS `dynamic_query` $$
            CREATE DEFINER =  `root`@`localhost` PROCEDURE  `dynamic_query` ( IN  `query` VARCHAR( 255 ) ) 
            BEGIN 
                SET @s = query;
                PREPARE stmt FROM @s ;
                EXECUTE stmt;
                DEALLOCATE PREPARE stmt;
            ENDuse news_management;DELIMITER $$DROP PROCEDURE IF EXISTS `dynamic_query` $$CREATE DEFINER = `root`@`localhost` PROCEDURE `dynamic_query` ( IN  `query` VARCHAR( 255 ) )BEGIN    SET @s = query;    PREPARE stmt FROM @s;    EXECUTE stmt;    DEALLOCATE PREPARE stmt;ENDuse news_management;DELIMITER $$DROP PROCEDURE IF EXISTS `dynamic_query` $$CREATE DEFINER = `root`@`localhost` PROCEDURE `dynamic_query` ( IN  `query` VARCHAR( 255 ) )BEGIN    SET @s = query;    PREPARE stmt FROM @s;    EXECUTE stmt;    DEALLOCATE PREPARE stmt;ENDuse news_management;DELIMITER $$DROP PROCEDURE IF EXISTS `dynamic_query` $$CREATE DEFINER = `root`@`localhost` PROCEDURE `dynamic_query` ( IN  `query` VARCHAR( 255 ) )BEGIN    SET @s = query;    PREPARE stmt FROM @s;    EXECUTE stmt;    DEALLOCATE PREPARE stmt;ENDuse news_management;
                DROP PROCEDURE IF EXISTS dynamic_query $$
                CREATE DEFINER = root@localhost PROCEDURE dynamic_query ( IN  query VARCHAR( 255 ) )
                BEGIN
                    SET @s = query;
                    PREPARE stmt FROM @s;
                    EXECUTE stmt;
                    DEALLOCATE PREPARE stmt;
                ENDuse news_management;
                CREATE DEFINER = `root`@`localhost` PROCEDURE dynamic_query ( IN  query VARCHAR(255) )
                BEGIN
                    SET @s = query;
                    PREPARE stmt FROM @s;
                    EXECUTE stmt;
                    DEALLOCATE PREPARE stmt;
                ENDuse news_management;
                CREATE DEFINER = `root`@`localhost` PROCEDURE dynamic_query ( IN  query VARCHAR(255) )
                BEGIN
                    SET @s = query;
                    PREPARE stmt FROM @s;
                    EXECUTE stmt;
                    DEALLOCATE PREPARE stmt;
                END